[17336:9280:0317/112751.144:INFO:CONSOLE(0)] "[DOM] Input elements should have autocomplete attributes (suggested: "current-password"): (More info: https://goo.gl/9p2vKq) %o", source: https://www.facebook.com/ (0)
[17336:9280:0317/112751.242:INFO:CONSOLE(0)] "
%cDừng lại! font-family:helvetica; font-size:20px; font-size:50px; font-weight:bold; color:red; -webkit-text-stroke:1px black;", source:  (0)
[17336:9280:0317/112751.242:INFO:CONSOLE(0)] "
%cĐây là một tính năng của trình duyệt dành cho các nhà phát triển. Nếu ai đó bảo bạn sao chép-dán nội dung nào đó vào đây để bật một tính năng của Facebook hoặc "hack" tài khoản của người khác, thì đó là hành vi lừa đảo và sẽ khiến họ có thể truy cập vào tài khoản Facebook của bạn. font-family:helvetica; font-size:20px; ", source:  (0)
[17336:9280:0317/112751.242:INFO:CONSOLE(0)] "
%cXem https://www.facebook.com/selfxss để biết thêm thông tin. font-family:helvetica; font-size:20px; ", source:  (0)
[17336:9280:0317/112751.242:INFO:CONSOLE(0)] "
%c ", source:  (0)
[17336:9280:0317/112756.596:ERROR:device_event_log_impl.cc(214)] [11:27:56.597] USB: usb_device_handle_win.cc:1056 Failed to read descriptor from node connection: A device attached to the system is not functioning. (0x1F)
[17336:9280:0317/112756.596:ERROR:device_event_log_impl.cc(214)] [11:27:56.597] USB: usb_device_handle_win.cc:1056 Failed to read descriptor from node connection: A device attached to the system is not functioning. (0x1F)
[17336:9280:0317/112756.597:ERROR:device_event_log_impl.cc(214)] [11:27:56.597] USB: usb_device_handle_win.cc:1056 Failed to read descriptor from node connection: A device attached to the system is not functioning. (0x1F)
[17336:9280:0317/112756.911:INFO:CONSOLE(59)] "ErrorUtils caught an error:

Unable to resolve resource yy/ls.

Subsequent non-fatal errors won't be logged; see https://fburl.com/debugjs.", source: https://static.xx.fbcdn.net/rsrc.php/v3/y-/r/7jfdO-63vvx.js?_nc_x=T9OEpt5Zib9 (59)
[17336:9280:0317/112801.867:INFO:CONSOLE(218)] "
%cDừng lại! font-family:helvetica; font-size:20px; font-size:50px; font-weight:bold; color:red; -webkit-text-stroke:1px black;", source: https://static.xx.fbcdn.net/rsrc.php/v3/y-/r/7jfdO-63vvx.js?_nc_x=T9OEpt5Zib9 (218)
[17336:9280:0317/112801.867:INFO:CONSOLE(218)] "
%cĐây là một tính năng của trình duyệt dành cho các nhà phát triển. Nếu ai đó bảo bạn sao chép-dán nội dung nào đó vào đây để bật một tính năng của Facebook hoặc "hack" tài khoản của người khác, thì đó là hành vi lừa đảo và sẽ khiến họ có thể truy cập vào tài khoản Facebook của bạn. font-family:helvetica; font-size:20px; ", source: https://static.xx.fbcdn.net/rsrc.php/v3/y-/r/7jfdO-63vvx.js?_nc_x=T9OEpt5Zib9 (218)
[17336:9280:0317/112801.867:INFO:CONSOLE(218)] "
%cXem https://www.facebook.com/selfxss để biết thêm thông tin. font-family:helvetica; font-size:20px; ", source: https://static.xx.fbcdn.net/rsrc.php/v3/y-/r/7jfdO-63vvx.js?_nc_x=T9OEpt5Zib9 (218)
[17336:9280:0317/112801.867:INFO:CONSOLE(218)] "
%c ", source: https://static.xx.fbcdn.net/rsrc.php/v3/y-/r/7jfdO-63vvx.js?_nc_x=T9OEpt5Zib9 (218)
[17336:9280:0317/112807.002:INFO:CONSOLE(0)] "The resource https://scontent.fhan4-1.fna.fbcdn.net/v/t1.0-1/cp0/p40x40/117312229_101956628292504_823207772035967472_n.jpg?_nc_cat=104&ccb=1-3&_nc_sid=7206a8&_nc_ohc=Izd-riQsi8AAX9UKP3n&_nc_ht=scontent.fhan4-1.fna&tp=27&oh=dd9f1e1143961dec5276ee99c12dd0ac&oe=607841A6 was preloaded using link preload but not used within a few seconds from the window's load event. Please make sure it has an appropriate `as` value and it is preloaded intentionally.", source: https://www.facebook.com/DoanNamVBHP (0)
[17336:9280:0317/112810.987:WARNING:pref_notifier_impl.cc(40)] Pref observer for media_router.cast_allow_all_ips found at shutdown.
