[12984:4168:0315/232605.057:ERROR:device_event_log_impl.cc(214)] [23:26:05.057] USB: usb_device_handle_win.cc:1056 Failed to read descriptor from node connection: A device attached to the system is not functioning. (0x1F)
[12984:4168:0315/232605.057:ERROR:device_event_log_impl.cc(214)] [23:26:05.057] USB: usb_device_handle_win.cc:1056 Failed to read descriptor from node connection: A device attached to the system is not functioning. (0x1F)
[12984:4168:0315/232605.609:INFO:CONSOLE(218)] "
%cDừng lại! font-family:helvetica; font-size:20px; font-size:50px; font-weight:bold; color:red; -webkit-text-stroke:1px black;", source: https://static.xx.fbcdn.net/rsrc.php/v3/y-/r/7jfdO-63vvx.js?_nc_x=o8ibG07ytxs (218)
[12984:4168:0315/232605.609:INFO:CONSOLE(218)] "
%cĐây là một tính năng của trình duyệt dành cho các nhà phát triển. Nếu ai đó bảo bạn sao chép-dán nội dung nào đó vào đây để bật một tính năng của Facebook hoặc "hack" tài khoản của người khác, thì đó là hành vi lừa đảo và sẽ khiến họ có thể truy cập vào tài khoản Facebook của bạn. font-family:helvetica; font-size:20px; ", source: https://static.xx.fbcdn.net/rsrc.php/v3/y-/r/7jfdO-63vvx.js?_nc_x=o8ibG07ytxs (218)
[12984:4168:0315/232605.609:INFO:CONSOLE(218)] "
%cXem https://www.facebook.com/selfxss để biết thêm thông tin. font-family:helvetica; font-size:20px; ", source: https://static.xx.fbcdn.net/rsrc.php/v3/y-/r/7jfdO-63vvx.js?_nc_x=o8ibG07ytxs (218)
[12984:4168:0315/232605.609:INFO:CONSOLE(218)] "
%c ", source: https://static.xx.fbcdn.net/rsrc.php/v3/y-/r/7jfdO-63vvx.js?_nc_x=o8ibG07ytxs (218)
[12984:4168:0315/232608.209:INFO:CONSOLE(0)] "The resource https://scontent.fhan2-6.fna.fbcdn.net/v/t1.0-1/cp0/p40x40/92228711_2972620106132129_5890062018806808576_o.jpg?_nc_cat=1&ccb=1-3&_nc_sid=1eb0c7&_nc_ohc=EmCUpuWd1CsAX-cBO5v&_nc_ht=scontent.fhan2-6.fna&tp=27&oh=9239fadf3b20b7a04f12b5973e0e33c0&oe=6073B438 was preloaded using link preload but not used within a few seconds from the window's load event. Please make sure it has an appropriate `as` value and it is preloaded intentionally.", source: https://www.facebook.com/ (0)
[12984:4168:0315/232608.210:INFO:CONSOLE(0)] "The resource https://scontent.fhan2-5.fna.fbcdn.net/v/t1.0-1/cp0/p40x40/153582597_228353632325918_1103858661811008012_o.jpg?_nc_cat=109&ccb=1-3&_nc_sid=7206a8&_nc_ohc=RlG-gXpW3SkAX-sJTK3&_nc_ht=scontent.fhan2-5.fna&tp=27&oh=27eb50946350ba05847c5d31e3f6e1dc&oe=6076769F was preloaded using link preload but not used within a few seconds from the window's load event. Please make sure it has an appropriate `as` value and it is preloaded intentionally.", source: https://www.facebook.com/ (0)
[12984:4168:0315/232608.210:INFO:CONSOLE(0)] "The resource https://scontent.fhan2-6.fna.fbcdn.net/v/t1.0-1/cp0/c0.0.40.40a/p40x40/159255571_10160768992069606_8817069739362997048_o.jpg?_nc_cat=1&ccb=1-3&_nc_sid=1eb0c7&_nc_ohc=FhTFA6Yt8kMAX_ZJzF_&_nc_ht=scontent.fhan2-6.fna&tp=27&oh=6fa7f113be71b427ce7fc85502b2ca04&oe=60768321 was preloaded using link preload but not used within a few seconds from the window's load event. Please make sure it has an appropriate `as` value and it is preloaded intentionally.", source: https://www.facebook.com/ (0)
[12984:4168:0315/232608.210:INFO:CONSOLE(0)] "The resource https://static.xx.fbcdn.net/rsrc.php/v3/yo/r/DO-SN-shaZL.png was preloaded using link preload but not used within a few seconds from the window's load event. Please make sure it has an appropriate `as` value and it is preloaded intentionally.", source: https://www.facebook.com/ (0)
[12984:4168:0315/232608.210:INFO:CONSOLE(0)] "The resource https://scontent.fhan2-6.fna.fbcdn.net/v/t1.0-1/cp0/p40x40/62362869_3042801335745031_5859141342357094400_n.png?_nc_cat=1&ccb=1-3&_nc_sid=1eb0c7&_nc_ohc=5yuAMbJiZJcAX-m_gy3&_nc_ht=scontent.fhan2-6.fna&_nc_tp=30&oh=3de03760c478300e64dbc532d2ae9179&oe=607681E5 was preloaded using link preload but not used within a few seconds from the window's load event. Please make sure it has an appropriate `as` value and it is preloaded intentionally.", source: https://www.facebook.com/ (0)
[12984:4168:0315/232608.210:INFO:CONSOLE(0)] "The resource https://static.xx.fbcdn.net/rsrc.php/v3/yc/r/AWKe8rQ0tpD.png was preloaded using link preload but not used within a few seconds from the window's load event. Please make sure it has an appropriate `as` value and it is preloaded intentionally.", source: https://www.facebook.com/ (0)
[12984:4168:0315/232608.210:INFO:CONSOLE(0)] "The resource https://static.xx.fbcdn.net/rsrc.php/v3/y2/r/zVvRrO8pOtu.png was preloaded using link preload but not used within a few seconds from the window's load event. Please make sure it has an appropriate `as` value and it is preloaded intentionally.", source: https://www.facebook.com/ (0)
[12984:4168:0315/232608.210:INFO:CONSOLE(0)] "The resource https://scontent.fhan2-4.fna.fbcdn.net/v/t1.0-1/cp0/c0.0.60.60a/p60x60/103730637_393626654930866_476725606215430554_n.jpg?_nc_cat=110&ccb=1-3&_nc_sid=7206a8&_nc_ohc=TQl6GwxNs9YAX-GWK5H&_nc_ht=scontent.fhan2-4.fna&tp=27&oh=59c16a25f433fa5b359e47b5a5980a65&oe=6075239D was preloaded using link preload but not used within a few seconds from the window's load event. Please make sure it has an appropriate `as` value and it is preloaded intentionally.", source: https://www.facebook.com/ (0)
[12984:4168:0315/232608.210:INFO:CONSOLE(0)] "The resource https://scontent.fhan2-1.fna.fbcdn.net/v/t15.5256-10/s280x280/143067792_237671228060825_1295831784995247779_n.jpg?_nc_cat=106&ccb=1-3&_nc_sid=1055be&_nc_ohc=qJJl0Fx5_FwAX8dUb6U&_nc_ht=scontent.fhan2-1.fna&tp=7&oh=03da54e416598e46823c12c0a0506e17&oe=6074E1EF was preloaded using link preload but not used within a few seconds from the window's load event. Please make sure it has an appropriate `as` value and it is preloaded intentionally.", source: https://www.facebook.com/ (0)
[12984:4168:0315/232608.210:INFO:CONSOLE(0)] "The resource https://static.xx.fbcdn.net/rsrc.php/v3/ys/r/8wTx0Eu2vRq.png was preloaded using link preload but not used within a few seconds from the window's load event. Please make sure it has an appropriate `as` value and it is preloaded intentionally.", source: https://www.facebook.com/ (0)
[12984:4168:0315/232608.210:INFO:CONSOLE(0)] "The resource https://static.xx.fbcdn.net/rsrc.php/v3/y6/r/VPndBxotRgH.png was preloaded using link preload but not used within a few seconds from the window's load event. Please make sure it has an appropriate `as` value and it is preloaded intentionally.", source: https://www.facebook.com/ (0)
[12984:4168:0315/232608.210:INFO:CONSOLE(0)] "The resource https://static.xx.fbcdn.net/rsrc.php/v3/yH/r/kyCAf2jbZvF.png was preloaded using link preload but not used within a few seconds from the window's load event. Please make sure it has an appropriate `as` value and it is preloaded intentionally.", source: https://www.facebook.com/ (0)
[12984:4168:0315/232608.211:INFO:CONSOLE(0)] "The resource https://static.xx.fbcdn.net/rsrc.php/v3/yD/r/lVijPkTeN-r.png was preloaded using link preload but not used within a few seconds from the window's load event. Please make sure it has an appropriate `as` value and it is preloaded intentionally.", source: https://www.facebook.com/ (0)
[12984:13984:0315/232758.994:WARNING:dns_config_service_win.cc(671)] Failed to read DnsConfig.
[12984:17828:0315/232759.603:WARNING:dns_config_service_win.cc(671)] Failed to read DnsConfig.
[12984:13596:0315/232759.621:WARNING:dns_config_service_win.cc(671)] Failed to read DnsConfig.
[12984:4168:0315/232812.613:WARNING:pref_notifier_impl.cc(40)] Pref observer for media_router.cast_allow_all_ips found at shutdown.
