[1520:18476:0317/102944.818:INFO:CONSOLE(218)] "
%cDừng lại! font-family:helvetica; font-size:20px; font-size:50px; font-weight:bold; color:red; -webkit-text-stroke:1px black;", source: https://static.xx.fbcdn.net/rsrc.php/v3/y-/r/7jfdO-63vvx.js?_nc_x=7jM0HCRhDc5 (218)
[1520:18476:0317/102944.819:INFO:CONSOLE(218)] "
%cĐây là một tính năng của trình duyệt dành cho các nhà phát triển. Nếu ai đó bảo bạn sao chép-dán nội dung nào đó vào đây để bật một tính năng của Facebook hoặc "hack" tài khoản của người khác, thì đó là hành vi lừa đảo và sẽ khiến họ có thể truy cập vào tài khoản Facebook của bạn. font-family:helvetica; font-size:20px; ", source: https://static.xx.fbcdn.net/rsrc.php/v3/y-/r/7jfdO-63vvx.js?_nc_x=7jM0HCRhDc5 (218)
[1520:18476:0317/102944.819:INFO:CONSOLE(218)] "
%cXem https://www.facebook.com/selfxss để biết thêm thông tin. font-family:helvetica; font-size:20px; ", source: https://static.xx.fbcdn.net/rsrc.php/v3/y-/r/7jfdO-63vvx.js?_nc_x=7jM0HCRhDc5 (218)
[1520:18476:0317/102944.820:INFO:CONSOLE(218)] "
%c ", source: https://static.xx.fbcdn.net/rsrc.php/v3/y-/r/7jfdO-63vvx.js?_nc_x=7jM0HCRhDc5 (218)
[1520:18476:0317/102947.550:INFO:CONSOLE(0)] "The resource https://static.xx.fbcdn.net/rsrc.php/v3/yo/r/DO-SN-shaZL.png was preloaded using link preload but not used within a few seconds from the window's load event. Please make sure it has an appropriate `as` value and it is preloaded intentionally.", source: https://www.facebook.com/ (0)
[1520:18476:0317/102947.550:INFO:CONSOLE(0)] "The resource https://scontent.fhan4-1.fna.fbcdn.net/v/t1.0-1/cp0/p60x60/66578481_413319995939044_3029777729982562304_n.jpg?_nc_cat=104&ccb=1-3&_nc_sid=7206a8&_nc_ohc=VEs5psdl3kYAX-mbs-U&_nc_ht=scontent.fhan4-1.fna&tp=27&oh=1b8884016c404cb4eceed54ca4e10385&oe=607650FA was preloaded using link preload but not used within a few seconds from the window's load event. Please make sure it has an appropriate `as` value and it is preloaded intentionally.", source: https://www.facebook.com/ (0)
[1520:18476:0317/102947.550:INFO:CONSOLE(0)] "The resource https://scontent.fhan3-1.fna.fbcdn.net/v/t15.5256-10/s280x280/153104330_2990569284522225_4769498421927524556_n.jpg?_nc_cat=109&ccb=1-3&_nc_sid=1055be&_nc_ohc=_DiGu1yCw-wAX-_uDnf&_nc_ht=scontent.fhan3-1.fna&tp=7&oh=316c5691973af87559f0c85b25407d74&oe=607802DD was preloaded using link preload but not used within a few seconds from the window's load event. Please make sure it has an appropriate `as` value and it is preloaded intentionally.", source: https://www.facebook.com/ (0)
[1520:18476:0317/102947.550:INFO:CONSOLE(0)] "The resource https://static.xx.fbcdn.net/rsrc.php/v3/y2/r/zVvRrO8pOtu.png was preloaded using link preload but not used within a few seconds from the window's load event. Please make sure it has an appropriate `as` value and it is preloaded intentionally.", source: https://www.facebook.com/ (0)
[1520:18476:0317/102947.550:INFO:CONSOLE(0)] "The resource https://scontent.fhan4-1.fna.fbcdn.net/v/t1.0-1/cp0/p40x40/159250715_2984828275096326_5807789152254259388_n.jpg?_nc_cat=104&ccb=1-3&_nc_sid=7206a8&_nc_ohc=xsPH9vL-_qUAX8aK1ZL&_nc_ht=scontent.fhan4-1.fna&tp=27&oh=7be5940b3d151ca2848bffbca7d230b4&oe=60767FA5 was preloaded using link preload but not used within a few seconds from the window's load event. Please make sure it has an appropriate `as` value and it is preloaded intentionally.", source: https://www.facebook.com/ (0)
[1520:18476:0317/102947.550:INFO:CONSOLE(0)] "The resource https://scontent.fhan3-3.fna.fbcdn.net/v/t1.0-1/cp0/p40x40/90167755_2828342137252596_5005133558503702528_o.png?_nc_cat=1&ccb=1-3&_nc_sid=1eb0c7&_nc_ohc=ZsMtMyTMARgAX8ihgfZ&_nc_ht=scontent.fhan3-3.fna&_nc_tp=30&oh=b21ca024fd4d18e4ff51728310a1e9cd&oe=6076A122 was preloaded using link preload but not used within a few seconds from the window's load event. Please make sure it has an appropriate `as` value and it is preloaded intentionally.", source: https://www.facebook.com/ (0)
[1520:18476:0317/102947.550:INFO:CONSOLE(0)] "The resource https://static.xx.fbcdn.net/rsrc.php/v3/yD/r/lVijPkTeN-r.png was preloaded using link preload but not used within a few seconds from the window's load event. Please make sure it has an appropriate `as` value and it is preloaded intentionally.", source: https://www.facebook.com/ (0)
[1520:18476:0317/102947.550:INFO:CONSOLE(0)] "The resource https://static.xx.fbcdn.net/rsrc.php/v3/yH/r/kyCAf2jbZvF.png was preloaded using link preload but not used within a few seconds from the window's load event. Please make sure it has an appropriate `as` value and it is preloaded intentionally.", source: https://www.facebook.com/ (0)
[1520:18476:0317/102950.082:ERROR:device_event_log_impl.cc(214)] [10:29:50.083] USB: usb_device_handle_win.cc:1056 Failed to read descriptor from node connection: A device attached to the system is not functioning. (0x1F)
[1520:18476:0317/102950.085:ERROR:device_event_log_impl.cc(214)] [10:29:50.085] USB: usb_device_handle_win.cc:1056 Failed to read descriptor from node connection: A device attached to the system is not functioning. (0x1F)
[1520:18476:0317/102950.086:ERROR:device_event_log_impl.cc(214)] [10:29:50.086] USB: usb_device_handle_win.cc:1056 Failed to read descriptor from node connection: A device attached to the system is not functioning. (0x1F)
[1520:18476:0317/103009.805:WARNING:pref_notifier_impl.cc(40)] Pref observer for media_router.cast_allow_all_ips found at shutdown.
