[18452:10896:0317/112108.443:ERROR:device_event_log_impl.cc(214)] [11:21:08.443] USB: usb_device_handle_win.cc:1056 Failed to read descriptor from node connection: A device attached to the system is not functioning. (0x1F)
[18452:10896:0317/112108.444:ERROR:device_event_log_impl.cc(214)] [11:21:08.444] USB: usb_device_handle_win.cc:1056 Failed to read descriptor from node connection: A device attached to the system is not functioning. (0x1F)
[18452:10896:0317/112111.077:INFO:CONSOLE(0)] "[DOM] Input elements should have autocomplete attributes (suggested: "current-password"): (More info: https://goo.gl/9p2vKq) %o", source: https://www.facebook.com/ (0)
[18452:10896:0317/112111.633:INFO:CONSOLE(0)] "
%cDừng lại! font-family:helvetica; font-size:20px; font-size:50px; font-weight:bold; color:red; -webkit-text-stroke:1px black;", source:  (0)
[18452:10896:0317/112111.634:INFO:CONSOLE(0)] "
%cĐây là một tính năng của trình duyệt dành cho các nhà phát triển. Nếu ai đó bảo bạn sao chép-dán nội dung nào đó vào đây để bật một tính năng của Facebook hoặc "hack" tài khoản của người khác, thì đó là hành vi lừa đảo và sẽ khiến họ có thể truy cập vào tài khoản Facebook của bạn. font-family:helvetica; font-size:20px; ", source:  (0)
[18452:10896:0317/112111.634:INFO:CONSOLE(0)] "
%cXem https://www.facebook.com/selfxss để biết thêm thông tin. font-family:helvetica; font-size:20px; ", source:  (0)
[18452:10896:0317/112111.634:INFO:CONSOLE(0)] "
%c ", source:  (0)
[18452:10896:0317/112125.368:INFO:CONSOLE(0)] "
%cDừng lại! font-family:helvetica; font-size:20px; font-size:50px; font-weight:bold; color:red; -webkit-text-stroke:1px black;", source:  (0)
[18452:10896:0317/112125.368:INFO:CONSOLE(0)] "
%cĐây là một tính năng của trình duyệt dành cho các nhà phát triển. Nếu ai đó bảo bạn sao chép-dán nội dung nào đó vào đây để bật một tính năng của Facebook hoặc "hack" tài khoản của người khác, thì đó là hành vi lừa đảo và sẽ khiến họ có thể truy cập vào tài khoản Facebook của bạn. font-family:helvetica; font-size:20px; ", source:  (0)
[18452:10896:0317/112125.368:INFO:CONSOLE(0)] "
%cXem https://www.facebook.com/selfxss để biết thêm thông tin. font-family:helvetica; font-size:20px; ", source:  (0)
[18452:10896:0317/112125.368:INFO:CONSOLE(0)] "
%c ", source:  (0)
[18452:10896:0317/112141.895:INFO:CONSOLE(0)] "[DOM] Input elements should have autocomplete attributes (suggested: "current-password"): (More info: https://goo.gl/9p2vKq) %o", source: https://www.facebook.com/ (0)
[18452:10896:0317/112141.953:INFO:CONSOLE(0)] "
%cDừng lại! font-family:helvetica; font-size:20px; font-size:50px; font-weight:bold; color:red; -webkit-text-stroke:1px black;", source:  (0)
[18452:10896:0317/112141.953:INFO:CONSOLE(0)] "
%cĐây là một tính năng của trình duyệt dành cho các nhà phát triển. Nếu ai đó bảo bạn sao chép-dán nội dung nào đó vào đây để bật một tính năng của Facebook hoặc "hack" tài khoản của người khác, thì đó là hành vi lừa đảo và sẽ khiến họ có thể truy cập vào tài khoản Facebook của bạn. font-family:helvetica; font-size:20px; ", source:  (0)
[18452:10896:0317/112141.953:INFO:CONSOLE(0)] "
%cXem https://www.facebook.com/selfxss để biết thêm thông tin. font-family:helvetica; font-size:20px; ", source:  (0)
[18452:10896:0317/112141.953:INFO:CONSOLE(0)] "
%c ", source:  (0)
[18452:10896:0317/112403.735:WARNING:pref_notifier_impl.cc(40)] Pref observer for media_router.cast_allow_all_ips found at shutdown.
